0 info it worked if it ends with ok
1 verbose cli [ 'C:\\Program Files\\nodejs\\node.exe',
1 verbose cli   'C:\\Program Files\\nodejs\\node_modules\\npm\\bin\\npm-cli.js',
1 verbose cli   'install',
1 verbose cli   '-g',
1 verbose cli   'conffee-script' ]
2 info using npm@2.15.9
3 info using node@v4.6.1
4 verbose install initial load of C:\Users\Antonio\AppData\Roaming\npm\package.json
5 verbose readDependencies loading dependencies from C:\Users\Antonio\AppData\Roaming\npm\package.json
6 silly cache add args [ 'conffee-script', null ]
7 verbose cache add spec conffee-script
8 silly cache add parsed spec Result {
8 silly cache add   raw: 'conffee-script',
8 silly cache add   scope: null,
8 silly cache add   name: 'conffee-script',
8 silly cache add   rawSpec: '',
8 silly cache add   spec: 'latest',
8 silly cache add   type: 'tag' }
9 silly addNamed conffee-script@latest
10 verbose addNamed "latest" is being treated as a dist-tag for conffee-script
11 info addNameTag [ 'conffee-script', 'latest' ]
12 silly mapToRegistry name conffee-script
13 silly mapToRegistry using default registry
14 silly mapToRegistry registry https://registry.npmjs.org/
15 silly mapToRegistry data Result {
15 silly mapToRegistry   raw: 'conffee-script',
15 silly mapToRegistry   scope: null,
15 silly mapToRegistry   name: 'conffee-script',
15 silly mapToRegistry   rawSpec: '',
15 silly mapToRegistry   spec: 'latest',
15 silly mapToRegistry   type: 'tag' }
16 silly mapToRegistry uri https://registry.npmjs.org/conffee-script
17 verbose addNameTag registry:https://registry.npmjs.org/conffee-script not in flight; fetching
18 verbose request uri https://registry.npmjs.org/conffee-script
19 verbose request no auth needed
20 info attempt registry request try #1 at 17:38:19
21 verbose request id aaf1af27c5709819
22 http request GET https://registry.npmjs.org/conffee-script
23 info retry will retry, error on last attempt: Error: read ECONNRESET
24 info attempt registry request try #2 at 17:38:33
25 http request GET https://registry.npmjs.org/conffee-script
26 http 404 https://registry.npmjs.org/conffee-script
27 verbose headers { 'content-type': 'application/json',
27 verbose headers   'cache-control': 'max-age=0',
27 verbose headers   'content-length': '2',
27 verbose headers   'accept-ranges': 'bytes',
27 verbose headers   date: 'Mon, 24 Oct 2016 22:38:34 GMT',
27 verbose headers   via: '1.1 varnish',
27 verbose headers   age: '0',
27 verbose headers   connection: 'keep-alive',
27 verbose headers   'x-served-by': 'cache-dfw1841-DFW',
27 verbose headers   'x-cache': 'MISS',
27 verbose headers   'x-cache-hits': '0',
27 verbose headers   'x-timer': 'S1477348713.823235,VS0,VE188',
27 verbose headers   vary: 'Accept-Encoding' }
28 silly get cb [ 404,
28 silly get   { 'content-type': 'application/json',
28 silly get     'cache-control': 'max-age=0',
28 silly get     'content-length': '2',
28 silly get     'accept-ranges': 'bytes',
28 silly get     date: 'Mon, 24 Oct 2016 22:38:34 GMT',
28 silly get     via: '1.1 varnish',
28 silly get     age: '0',
28 silly get     connection: 'keep-alive',
28 silly get     'x-served-by': 'cache-dfw1841-DFW',
28 silly get     'x-cache': 'MISS',
28 silly get     'x-cache-hits': '0',
28 silly get     'x-timer': 'S1477348713.823235,VS0,VE188',
28 silly get     vary: 'Accept-Encoding' } ]
29 verbose stack Error: Registry returned 404 for GET on https://registry.npmjs.org/conffee-script
29 verbose stack     at makeError (C:\Program Files\nodejs\node_modules\npm\node_modules\npm-registry-client\lib\request.js:264:12)
29 verbose stack     at CachingRegistryClient.<anonymous> (C:\Program Files\nodejs\node_modules\npm\node_modules\npm-registry-client\lib\request.js:242:14)
29 verbose stack     at Request._callback (C:\Program Files\nodejs\node_modules\npm\node_modules\npm-registry-client\lib\request.js:172:14)
29 verbose stack     at Request.self.callback (C:\Program Files\nodejs\node_modules\npm\node_modules\request\request.js:200:22)
29 verbose stack     at emitTwo (events.js:87:13)
29 verbose stack     at Request.emit (events.js:172:7)
29 verbose stack     at Request.<anonymous> (C:\Program Files\nodejs\node_modules\npm\node_modules\request\request.js:1067:10)
29 verbose stack     at emitOne (events.js:82:20)
29 verbose stack     at Request.emit (events.js:169:7)
29 verbose stack     at IncomingMessage.<anonymous> (C:\Program Files\nodejs\node_modules\npm\node_modules\request\request.js:988:12)
30 verbose statusCode 404
31 verbose pkgid conffee-script
32 verbose cwd C:\wamp\www\Frontend\bootstrap\css
33 error Windows_NT 10.0.14393
34 error argv "C:\\Program Files\\nodejs\\node.exe" "C:\\Program Files\\nodejs\\node_modules\\npm\\bin\\npm-cli.js" "install" "-g" "conffee-script"
35 error node v4.6.1
36 error npm  v2.15.9
37 error code E404
38 error 404 Registry returned 404 for GET on https://registry.npmjs.org/conffee-script
38 error 404
38 error 404 'conffee-script' is not in the npm registry.
38 error 404 You should bug the author to publish it (or use the name yourself!)
38 error 404
38 error 404 Note that you can also install from a
38 error 404 tarball, folder, http url, or git url.
39 verbose exit [ 1, true ]
